2022-02-25 07:20:26,860 - INFO - Start Flask application
2022-02-25 07:20:26,870 - WARNING -  * Debugger is active!2022-02-25 07:20:41,643 - DEBUG - Archive logs on application exit
2022-02-25 07:20:41,644 - DEBUG - created Zip file
2022-02-25 07:20:41,644 - DEBUG - Archive logs on application exit
2022-02-25 07:20:41,645 - DEBUG - created Zip file
- INFO -  * Running on http://192.168.0.18:80/ (Press CTRL+C to quit)
2022-02-25 07:20:28,108 - DEBUG - ImmutableMultiDict([('applyExtended', 'false'), ('age', '15'), ('sex', '1'), ('pncaden', '0'), ('cp', '2'), ('trestbps', '456'), ('htn', '1'), ('chol', '465'), ('smoke', '-1'), ('cigs', ''), ('years', ''), ('fbs', '0'), ('restecg', '2'), ('proto', '-1'), ('thaldur', ''), ('thaltime', ''), ('met', ''), ('thalach', '13'), ('thalrest', ''), ('tpeakbps', ''), ('tpeakbpd', ''), ('trestbpd', ''), ('exang', '0'), ('oldpeak', '1'), ('rldv5', ''), ('rldv5e', ''), ('ca', '2'), ('restef', ''), ('restwm', '-1'), ('exeref', ''), ('exerwm', ''), ('thal', 'N')])
2022-02-25 07:20:28,109 - DEBUG - Processing ...
2022-02-25 07:20:28,119 - DEBUG - Loaded Models count:2
2022-02-25 07:20:28,408 - DEBUG - Loaded Models count:1
2022-02-25 07:20:28,604 - DEBUG - Loaded Models count:1
2022-02-25 07:20:28,799 - DEBUG - Loaded Models count:1
2022-02-25 07:20:28,983 - INFO - {
    "results_base": {
        "percentageKNN": 0.2,
        "percentageSVM": 0.3,
        "percentageRF": 0.4,
        "scoreKNN": 0.5,
        "scoreSVM": 0.6,
        "scoreRF": 0.7
    },
    "results_base_information_text": " Wynik : \nKNN : 0.2 \nSVM : 0.2 \nRF : 0.4",
    "results_base_accuracy_text": "Dok\u0142adno\u015b\u0107: \nKNN : 0.5 \nSVM : 0.5 \nRF : 0.7",
    "results_full": {},
    "apply_extended": "false"
}
2022-02-25 07:20:28,984 - INFO - 127.0.0.1 - - [25/Feb/2022 07:20:28] "GET /submit_action?applyExtended=false&age=15&sex=1&pncaden=0&cp=2&trestbps=456&htn=1&chol=465&smoke=-1&cigs=&years=&fbs=0&restecg=2&proto=-1&thaldur=&thaltime=&met=&thalach=13&thalrest=&tpeakbps=&tpeakbpd=&trestbpd=&exang=0&oldpeak=1&rldv5=&rldv5e=&ca=2&restef=&restwm=-1&exeref=&exerwm=&thal=N HTTP/1.1" 200 -
2022-02-25 07:20:41,392 - DEBUG - Archive logs on application exit
2022-02-25 07:20:41,393 - DEBUG - created Zip file
2022-02-25 07:20:41,393 - DEBUG - Archive logs on application exit
2022-02-25 07:20:41,394 - DEBUG - created Zip file
